[2026-04-18 01:21:54,333] ip-172-31-16-143/INFO/locust.main: Starting Locust 2.34.0
[2026-04-18 01:21:54,333] ip-172-31-16-143/WARNING/locust.main: Python 3.9 support is deprecated and will be removed soon
[2026-04-18 01:21:54,334] ip-172-31-16-143/INFO/locust.main: Run time limit set to 300 seconds
[2026-04-18 01:21:54,337] ip-172-31-16-143/INFO/locust.runners: Ramping to 100 users at a rate of 10.00 per second
[2026-04-18 01:22:03,353] ip-172-31-16-143/INFO/locust.runners: All users spawned: {"ScalingBaselineComputeUser": 100} (100 total users)
[2026-04-18 01:26:54,189] ip-172-31-16-143/INFO/locust.main: --run-time limit reached, shutting down
[2026-04-18 01:26:54,289] ip-172-31-16-143/INFO/locust.main: writing html report to file: run-exp3b_lb1_u100_compute.html
[2026-04-18 01:26:54,291] ip-172-31-16-143/INFO/locust.main: Shutting down (exit code 1)
Type     Name                                                                          # reqs      # fails |    Avg     Min     Max    Med |   req/s  failures/s
--------|----------------------------------------------------------------------------|-------|-------------|-------|-------|-------|-------|--------|-----------
GET      /api/compute                                                                   37434 35490(94.81%) |    693       0    5054      1 |  124.83      118.35
GET      /health                                                                         4065 3643(89.62%) |    520       0    5045      1 |   13.56       12.15
--------|----------------------------------------------------------------------------|-------|-------------|-------|-------|-------|-------|--------|-----------
         Aggregated                                                                     41499 39133(94.30%) |    676       0    5054      1 |  138.39      130.50

Response time percentiles (approximated)
Type     Name                                                                                  50%    66%    75%    80%    90%    95%    98%    99%  99.9% 99.99%   100% # reqs
--------|--------------------------------------------------------------------------------|--------|------|------|------|------|------|------|------|------|------|------|------
GET      /api/compute                                                                            1      4     17     26   5000   5000   5000   5000   5000   5100   5100  37434
GET      /health                                                                                 1      4     18     25   2500   5000   5000   5000   5000   5000   5000   4065
--------|--------------------------------------------------------------------------------|--------|------|------|------|------|------|------|------|------|------|------|------
         Aggregated                                                                              1      4     17     26   5000   5000   5000   5000   5000   5100   5100  41499

Error report
# occurrences      Error                                                                                               
------------------|---------------------------------------------------------------------------------------------------------------------------------------------
4128               GET /api/compute: Compute failed: 504                                                               
236                GET /health: Health check failed: 504                                                               
3407               GET /health: Health check failed: 503                                                               
31362              GET /api/compute: Compute failed: 503                                                               
------------------|---------------------------------------------------------------------------------------------------------------------------------------------

failed to run commands: exit status 1
